17-07-2016 16:30:17.896 [Thread-32] Server:58 start - Server running
17-07-2016 16:30:20.167 [Thread-108] Client:55 run - Connected to server
17-07-2016 16:30:20.167 [Thread-32] Server:195 startHandler - The Next Client gets Number 0
17-07-2016 16:30:20.167 [Thread-109] Server:125 run - Client connected! /127.0.0.1:61422
17-07-2016 16:30:20.225 [Thread-109] Server:230 sendToClient - Send to Client: 0 {"Hallo":{"Version":"1.0","Protokoll":"1.0"}}
17-07-2016 16:30:20.226 [Thread-109] Server:130 run - Hello sent to 0 Thread
17-07-2016 16:30:20.226 [Thread-108] Client:86 runClient - Received from Server: {"Hallo":{"Version":"1.0","Protokoll":"1.0"}}
17-07-2016 16:30:20.235 [Thread-108] Client:99 write - Client sends to Server: {"Hallo":{"Version":"JavaFXClient 1.0 (NiedlichePixel)"}}
17-07-2016 16:30:20.236 [Thread-109] Server:134 run - Server got message: {"Hallo":{"Version":"JavaFXClient 1.0 (NiedlichePixel)"}}
17-07-2016 16:30:20.242 [Thread-109] Server:230 sendToClient - Send to Client: 0 {"Willkommen":{"id":0}}
17-07-2016 16:30:20.243 [Thread-108] Client:86 runClient - Received from Server: {"Willkommen":{"id":0}}
17-07-2016 16:30:20.243 [Thread-109] ServerOutputHandler:304 statusUpdate - Send Setting up to 0
17-07-2016 16:30:20.246 [Thread-108] ClientController:153 receiveWelcome - Handshake complete!
17-07-2016 16:30:20.247 [Thread-109] Server:230 sendToClient - Send to Client: 0 {"Statusupdate":{"Spieler":{"id":0,"Name":"","Status":"Spiel starten","Siegpunkte":0,"Rohstoffe":{},"Entwicklungskarten":{"Ritter":0,"Straßenbau":0,"Monopol":0,"Erfindung":0,"Siegpunkt":0},"Größte Rittermacht":false,"Größte Handelsstraße":false}}}
17-07-2016 16:30:20.247 [Thread-108] Client:86 runClient - Received from Server: {"Statusupdate":{"Spieler":{"id":0,"Name":"","Status":"Spiel starten","Siegpunkte":0,"Rohstoffe":{},"Entwicklungskarten":{"Ritter":0,"Straßenbau":0,"Monopol":0,"Erfindung":0,"Siegpunkt":0},"Größte Rittermacht":false,"Größte Handelsstraße":false}}}
17-07-2016 16:30:22.686 [JavaFX Application Thread] Client:99 write - Client sends to Server: {"Spieler":{"Name":"123","Farbe":"Rot"}}
17-07-2016 16:30:22.687 [Thread-109] Server:134 run - Server got message: {"Spieler":{"Name":"123","Farbe":"Rot"}}
17-07-2016 16:30:22.687 [JavaFX Application Thread] LobbyController:249 handleSendButton - Profile123RED
17-07-2016 16:30:22.689 [Thread-109] Server:230 sendToClient - Send to Client: 0 {"Serverantwort":"OK"}
17-07-2016 16:30:22.689 [Thread-109] ServerOutputHandler:304 statusUpdate - Send Setting up to 0
17-07-2016 16:30:22.689 [Thread-108] Client:86 runClient - Received from Server: {"Serverantwort":"OK"}
17-07-2016 16:30:22.691 [Thread-109] Server:230 sendToClient - Send to Client: 0 {"Statusupdate":{"Spieler":{"id":0,"Farbe":"Rot","Name":"123","Status":"Spiel starten","Siegpunkte":0,"Rohstoffe":{},"Entwicklungskarten":{"Ritter":0,"Straßenbau":0,"Monopol":0,"Erfindung":0,"Siegpunkt":0},"Größte Rittermacht":false,"Größte Handelsstraße":false}}}
17-07-2016 16:30:22.693 [Thread-108] Client:86 runClient - Received from Server: {"Statusupdate":{"Spieler":{"id":0,"Farbe":"Rot","Name":"123","Status":"Spiel starten","Siegpunkte":0,"Rohstoffe":{},"Entwicklungskarten":{"Ritter":0,"Straßenbau":0,"Monopol":0,"Erfindung":0,"Siegpunkt":0},"Größte Rittermacht":false,"Größte Handelsstraße":false}}}
17-07-2016 16:30:23.027 [JavaFX Application Thread] Client:99 write - Client sends to Server: {"Spiel starten":{}}
17-07-2016 16:30:23.028 [Thread-109] Server:134 run - Server got message: {"Spiel starten":{}}
17-07-2016 16:30:23.030 [Thread-109] ServerOutputHandler:304 statusUpdate - Send Waiting for game begin to 0
17-07-2016 16:30:23.031 [Thread-109] Server:230 sendToClient - Send to Client: 0 {"Statusupdate":{"Spieler":{"id":0,"Farbe":"Rot","Name":"123","Status":"Wartet auf Spielbeginn","Siegpunkte":0,"Rohstoffe":{},"Entwicklungskarten":{"Ritter":0,"Straßenbau":0,"Monopol":0,"Erfindung":0,"Siegpunkt":0},"Größte Rittermacht":false,"Größte Handelsstraße":false}}}
17-07-2016 16:30:23.032 [Thread-108] Client:86 runClient - Received from Server: {"Statusupdate":{"Spieler":{"id":0,"Farbe":"Rot","Name":"123","Status":"Wartet auf Spielbeginn","Siegpunkte":0,"Rohstoffe":{},"Entwicklungskarten":{"Ritter":0,"Straßenbau":0,"Monopol":0,"Erfindung":0,"Siegpunkt":0},"Größte Rittermacht":false,"Größte Handelsstraße":false}}}
17-07-2016 16:30:25.930 [Thread-164] Client:55 run - Connected to server
17-07-2016 16:30:25.930 [Thread-32] Server:195 startHandler - The Next Client gets Number 1
17-07-2016 16:30:25.930 [Thread-165] Server:125 run - Client connected! /127.0.0.1:61423
17-07-2016 16:30:25.932 [Thread-165] Server:230 sendToClient - Send to Client: 1 {"Hallo":{"Version":"1.0","Protokoll":"1.0"}}
17-07-2016 16:30:25.932 [Thread-165] Server:130 run - Hello sent to 1 Thread
17-07-2016 16:30:25.932 [Thread-164] Client:86 runClient - Received from Server: {"Hallo":{"Version":"1.0","Protokoll":"1.0"}}
17-07-2016 16:30:25.935 [Thread-164] Client:99 write - Client sends to Server: {"Hallo":{"Version":"JavaFXClient 1.0 (NiedlichePixel)"}}
17-07-2016 16:30:25.935 [Thread-165] Server:134 run - Server got message: {"Hallo":{"Version":"JavaFXClient 1.0 (NiedlichePixel)"}}
17-07-2016 16:30:25.937 [Thread-165] Server:230 sendToClient - Send to Client: 1 {"Willkommen":{"id":1}}
17-07-2016 16:30:25.937 [Thread-164] Client:86 runClient - Received from Server: {"Willkommen":{"id":1}}
17-07-2016 16:30:25.937 [Thread-165] ServerOutputHandler:304 statusUpdate - Send Waiting for game begin to 1
17-07-2016 16:30:25.939 [Thread-164] ClientController:153 receiveWelcome - Handshake complete!
17-07-2016 16:30:25.939 [Thread-165] Server:230 sendToClient - Send to Client: 1 {"Statusupdate":{"Spieler":{"id":0,"Farbe":"Rot","Name":"123","Status":"Wartet auf Spielbeginn","Siegpunkte":0,"Rohstoffe":{},"Entwicklungskarten":{"Ritter":0,"Straßenbau":0,"Monopol":0,"Erfindung":0,"Siegpunkt":0},"Größte Rittermacht":false,"Größte Handelsstraße":false}}}
17-07-2016 16:30:25.939 [Thread-165] ServerOutputHandler:304 statusUpdate - Send Setting up to 0
17-07-2016 16:30:25.939 [Thread-164] Client:86 runClient - Received from Server: {"Statusupdate":{"Spieler":{"id":0,"Farbe":"Rot","Name":"123","Status":"Wartet auf Spielbeginn","Siegpunkte":0,"Rohstoffe":{},"Entwicklungskarten":{"Ritter":0,"Straßenbau":0,"Monopol":0,"Erfindung":0,"Siegpunkt":0},"Größte Rittermacht":false,"Größte Handelsstraße":false}}}
17-07-2016 16:30:25.941 [Thread-165] Server:230 sendToClient - Send to Client: 0 {"Statusupdate":{"Spieler":{"id":1,"Name":"","Status":"Spiel starten","Siegpunkte":0,"Rohstoffe":{},"Entwicklungskarten":{"Ritter":0,"Straßenbau":0,"Monopol":0,"Erfindung":0,"Siegpunkt":0},"Größte Rittermacht":false,"Größte Handelsstraße":false}}}
17-07-2016 16:30:25.942 [Thread-165] ServerOutputHandler:304 statusUpdate - Send Setting up to 1
17-07-2016 16:30:25.943 [Thread-108] Client:86 runClient - Received from Server: {"Statusupdate":{"Spieler":{"id":1,"Name":"","Status":"Spiel starten","Siegpunkte":0,"Rohstoffe":{},"Entwicklungskarten":{"Ritter":0,"Straßenbau":0,"Monopol":0,"Erfindung":0,"Siegpunkt":0},"Größte Rittermacht":false,"Größte Handelsstraße":false}}}
17-07-2016 16:30:25.943 [Thread-165] Server:230 sendToClient - Send to Client: 1 {"Statusupdate":{"Spieler":{"id":1,"Name":"","Status":"Spiel starten","Siegpunkte":0,"Rohstoffe":{},"Entwicklungskarten":{"Ritter":0,"Straßenbau":0,"Monopol":0,"Erfindung":0,"Siegpunkt":0},"Größte Rittermacht":false,"Größte Handelsstraße":false}}}
17-07-2016 16:30:25.944 [Thread-164] Client:86 runClient - Received from Server: {"Statusupdate":{"Spieler":{"id":1,"Name":"","Status":"Spiel starten","Siegpunkte":0,"Rohstoffe":{},"Entwicklungskarten":{"Ritter":0,"Straßenbau":0,"Monopol":0,"Erfindung":0,"Siegpunkt":0},"Größte Rittermacht":false,"Größte Handelsstraße":false}}}
17-07-2016 16:30:28.280 [JavaFX Application Thread] Client:99 write - Client sends to Server: {"Spieler":{"Name":"123","Farbe":"Orange"}}
17-07-2016 16:30:28.281 [Thread-165] Server:134 run - Server got message: {"Spieler":{"Name":"123","Farbe":"Orange"}}
17-07-2016 16:30:28.281 [JavaFX Application Thread] LobbyController:249 handleSendButton - Profile123ORANGE
17-07-2016 16:30:28.282 [Thread-165] Server:230 sendToClient - Send to Client: 1 {"Serverantwort":"OK"}
17-07-2016 16:30:28.282 [Thread-165] ServerOutputHandler:304 statusUpdate - Send Setting up to 0
17-07-2016 16:30:28.282 [Thread-164] Client:86 runClient - Received from Server: {"Serverantwort":"OK"}
17-07-2016 16:30:28.285 [Thread-165] Server:230 sendToClient - Send to Client: 0 {"Statusupdate":{"Spieler":{"id":1,"Farbe":"Orange","Name":"123","Status":"Spiel starten","Siegpunkte":0,"Rohstoffe":{},"Entwicklungskarten":{"Ritter":0,"Straßenbau":0,"Monopol":0,"Erfindung":0,"Siegpunkt":0},"Größte Rittermacht":false,"Größte Handelsstraße":false}}}
17-07-2016 16:30:28.285 [Thread-165] ServerOutputHandler:304 statusUpdate - Send Setting up to 1
17-07-2016 16:30:28.285 [Thread-108] Client:86 runClient - Received from Server: {"Statusupdate":{"Spieler":{"id":1,"Farbe":"Orange","Name":"123","Status":"Spiel starten","Siegpunkte":0,"Rohstoffe":{},"Entwicklungskarten":{"Ritter":0,"Straßenbau":0,"Monopol":0,"Erfindung":0,"Siegpunkt":0},"Größte Rittermacht":false,"Größte Handelsstraße":false}}}
17-07-2016 16:30:28.286 [Thread-165] Server:230 sendToClient - Send to Client: 1 {"Statusupdate":{"Spieler":{"id":1,"Farbe":"Orange","Name":"123","Status":"Spiel starten","Siegpunkte":0,"Rohstoffe":{},"Entwicklungskarten":{"Ritter":0,"Straßenbau":0,"Monopol":0,"Erfindung":0,"Siegpunkt":0},"Größte Rittermacht":false,"Größte Handelsstraße":false}}}
17-07-2016 16:30:28.287 [Thread-164] Client:86 runClient - Received from Server: {"Statusupdate":{"Spieler":{"id":1,"Farbe":"Orange","Name":"123","Status":"Spiel starten","Siegpunkte":0,"Rohstoffe":{},"Entwicklungskarten":{"Ritter":0,"Straßenbau":0,"Monopol":0,"Erfindung":0,"Siegpunkt":0},"Größte Rittermacht":false,"Größte Handelsstraße":false}}}
17-07-2016 16:30:28.626 [JavaFX Application Thread] Client:99 write - Client sends to Server: {"Spiel starten":{}}
17-07-2016 16:30:28.626 [Thread-165] Server:134 run - Server got message: {"Spiel starten":{}}
17-07-2016 16:30:28.627 [Thread-165] ServerOutputHandler:304 statusUpdate - Send Waiting for game begin to 0
17-07-2016 16:30:28.629 [Thread-165] Server:230 sendToClient - Send to Client: 0 {"Statusupdate":{"Spieler":{"id":1,"Farbe":"Orange","Name":"123","Status":"Wartet auf Spielbeginn","Siegpunkte":0,"Rohstoffe":{},"Entwicklungskarten":{"Ritter":0,"Straßenbau":0,"Monopol":0,"Erfindung":0,"Siegpunkt":0},"Größte Rittermacht":false,"Größte Handelsstraße":false}}}
17-07-2016 16:30:28.629 [Thread-165] ServerOutputHandler:304 statusUpdate - Send Waiting for game begin to 1
17-07-2016 16:30:28.630 [Thread-108] Client:86 runClient - Received from Server: {"Statusupdate":{"Spieler":{"id":1,"Farbe":"Orange","Name":"123","Status":"Wartet auf Spielbeginn","Siegpunkte":0,"Rohstoffe":{},"Entwicklungskarten":{"Ritter":0,"Straßenbau":0,"Monopol":0,"Erfindung":0,"Siegpunkt":0},"Größte Rittermacht":false,"Größte Handelsstraße":false}}}
17-07-2016 16:30:28.631 [Thread-165] Server:230 sendToClient - Send to Client: 1 {"Statusupdate":{"Spieler":{"id":1,"Farbe":"Orange","Name":"123","Status":"Wartet auf Spielbeginn","Siegpunkte":0,"Rohstoffe":{},"Entwicklungskarten":{"Ritter":0,"Straßenbau":0,"Monopol":0,"Erfindung":0,"Siegpunkt":0},"Größte Rittermacht":false,"Größte Handelsstraße":false}}}
17-07-2016 16:30:28.631 [Thread-164] Client:86 runClient - Received from Server: {"Statusupdate":{"Spieler":{"id":1,"Farbe":"Orange","Name":"123","Status":"Wartet auf Spielbeginn","Siegpunkte":0,"Rohstoffe":{},"Entwicklungskarten":{"Ritter":0,"Straßenbau":0,"Monopol":0,"Erfindung":0,"Siegpunkt":0},"Größte Rittermacht":false,"Größte Handelsstraße":false}}}
17-07-2016 16:30:31.674 [Thread-32] Server:195 startHandler - The Next Client gets Number 2
17-07-2016 16:30:31.674 [Thread-219] Client:55 run - Connected to server
17-07-2016 16:30:31.675 [Thread-220] Server:125 run - Client connected! /127.0.0.1:61424
17-07-2016 16:30:31.676 [Thread-220] Server:230 sendToClient - Send to Client: 2 {"Hallo":{"Version":"1.0","Protokoll":"1.0"}}
17-07-2016 16:30:31.676 [Thread-220] Server:130 run - Hello sent to 2 Thread
17-07-2016 16:30:31.676 [Thread-219] Client:86 runClient - Received from Server: {"Hallo":{"Version":"1.0","Protokoll":"1.0"}}
17-07-2016 16:30:31.678 [Thread-219] Client:99 write - Client sends to Server: {"Hallo":{"Version":"JavaFXClient 1.0 (NiedlichePixel)"}}
17-07-2016 16:30:31.678 [Thread-220] Server:134 run - Server got message: {"Hallo":{"Version":"JavaFXClient 1.0 (NiedlichePixel)"}}
17-07-2016 16:30:31.680 [Thread-220] Server:230 sendToClient - Send to Client: 2 {"Willkommen":{"id":2}}
17-07-2016 16:30:31.680 [Thread-220] ServerOutputHandler:304 statusUpdate - Send Waiting for game begin to 2
17-07-2016 16:30:31.680 [Thread-219] Client:86 runClient - Received from Server: {"Willkommen":{"id":2}}
17-07-2016 16:30:31.681 [Thread-219] ClientController:153 receiveWelcome - Handshake complete!
17-07-2016 16:30:31.682 [Thread-220] Server:230 sendToClient - Send to Client: 2 {"Statusupdate":{"Spieler":{"id":0,"Farbe":"Rot","Name":"123","Status":"Wartet auf Spielbeginn","Siegpunkte":0,"Rohstoffe":{},"Entwicklungskarten":{"Ritter":0,"Straßenbau":0,"Monopol":0,"Erfindung":0,"Siegpunkt":0},"Größte Rittermacht":false,"Größte Handelsstraße":false}}}
17-07-2016 16:30:31.682 [Thread-220] ServerOutputHandler:304 statusUpdate - Send Setting up to 0
17-07-2016 16:30:31.682 [Thread-219] Client:86 runClient - Received from Server: {"Statusupdate":{"Spieler":{"id":0,"Farbe":"Rot","Name":"123","Status":"Wartet auf Spielbeginn","Siegpunkte":0,"Rohstoffe":{},"Entwicklungskarten":{"Ritter":0,"Straßenbau":0,"Monopol":0,"Erfindung":0,"Siegpunkt":0},"Größte Rittermacht":false,"Größte Handelsstraße":false}}}
17-07-2016 16:30:31.683 [Thread-220] Server:230 sendToClient - Send to Client: 0 {"Statusupdate":{"Spieler":{"id":2,"Name":"","Status":"Spiel starten","Siegpunkte":0,"Rohstoffe":{},"Entwicklungskarten":{"Ritter":0,"Straßenbau":0,"Monopol":0,"Erfindung":0,"Siegpunkt":0},"Größte Rittermacht":false,"Größte Handelsstraße":false}}}
17-07-2016 16:30:31.683 [Thread-220] ServerOutputHandler:304 statusUpdate - Send Waiting for game begin to 2
17-07-2016 16:30:31.683 [Thread-108] Client:86 runClient - Received from Server: {"Statusupdate":{"Spieler":{"id":2,"Name":"","Status":"Spiel starten","Siegpunkte":0,"Rohstoffe":{},"Entwicklungskarten":{"Ritter":0,"Straßenbau":0,"Monopol":0,"Erfindung":0,"Siegpunkt":0},"Größte Rittermacht":false,"Größte Handelsstraße":false}}}
17-07-2016 16:30:31.684 [Thread-220] Server:230 sendToClient - Send to Client: 2 {"Statusupdate":{"Spieler":{"id":1,"Farbe":"Orange","Name":"123","Status":"Wartet auf Spielbeginn","Siegpunkte":0,"Rohstoffe":{},"Entwicklungskarten":{"Ritter":0,"Straßenbau":0,"Monopol":0,"Erfindung":0,"Siegpunkt":0},"Größte Rittermacht":false,"Größte Handelsstraße":false}}}
17-07-2016 16:30:31.685 [Thread-219] Client:86 runClient - Received from Server: {"Statusupdate":{"Spieler":{"id":1,"Farbe":"Orange","Name":"123","Status":"Wartet auf Spielbeginn","Siegpunkte":0,"Rohstoffe":{},"Entwicklungskarten":{"Ritter":0,"Straßenbau":0,"Monopol":0,"Erfindung":0,"Siegpunkt":0},"Größte Rittermacht":false,"Größte Handelsstraße":false}}}
17-07-2016 16:30:31.685 [Thread-220] ServerOutputHandler:304 statusUpdate - Send Setting up to 1
17-07-2016 16:30:31.686 [Thread-220] Server:230 sendToClient - Send to Client: 1 {"Statusupdate":{"Spieler":{"id":2,"Name":"","Status":"Spiel starten","Siegpunkte":0,"Rohstoffe":{},"Entwicklungskarten":{"Ritter":0,"Straßenbau":0,"Monopol":0,"Erfindung":0,"Siegpunkt":0},"Größte Rittermacht":false,"Größte Handelsstraße":false}}}
17-07-2016 16:30:31.686 [Thread-220] ServerOutputHandler:304 statusUpdate - Send Setting up to 2
17-07-2016 16:30:31.686 [Thread-164] Client:86 runClient - Received from Server: {"Statusupdate":{"Spieler":{"id":2,"Name":"","Status":"Spiel starten","Siegpunkte":0,"Rohstoffe":{},"Entwicklungskarten":{"Ritter":0,"Straßenbau":0,"Monopol":0,"Erfindung":0,"Siegpunkt":0},"Größte Rittermacht":false,"Größte Handelsstraße":false}}}
17-07-2016 16:30:31.687 [Thread-220] Server:230 sendToClient - Send to Client: 2 {"Statusupdate":{"Spieler":{"id":2,"Name":"","Status":"Spiel starten","Siegpunkte":0,"Rohstoffe":{},"Entwicklungskarten":{"Ritter":0,"Straßenbau":0,"Monopol":0,"Erfindung":0,"Siegpunkt":0},"Größte Rittermacht":false,"Größte Handelsstraße":false}}}
17-07-2016 16:30:31.688 [Thread-219] Client:86 runClient - Received from Server: {"Statusupdate":{"Spieler":{"id":2,"Name":"","Status":"Spiel starten","Siegpunkte":0,"Rohstoffe":{},"Entwicklungskarten":{"Ritter":0,"Straßenbau":0,"Monopol":0,"Erfindung":0,"Siegpunkt":0},"Größte Rittermacht":false,"Größte Handelsstraße":false}}}
17-07-2016 16:30:34.392 [JavaFX Application Thread] Client:99 write - Client sends to Server: {"Spieler":{"Name":"123","Farbe":"Blau"}}
17-07-2016 16:30:34.392 [Thread-220] Server:134 run - Server got message: {"Spieler":{"Name":"123","Farbe":"Blau"}}
17-07-2016 16:30:34.392 [JavaFX Application Thread] LobbyController:249 handleSendButton - Profile123BLUE
17-07-2016 16:30:34.393 [Thread-220] Server:230 sendToClient - Send to Client: 2 {"Serverantwort":"OK"}
17-07-2016 16:30:34.394 [Thread-219] Client:86 runClient - Received from Server: {"Serverantwort":"OK"}
17-07-2016 16:30:34.394 [Thread-220] ServerOutputHandler:304 statusUpdate - Send Setting up to 0
17-07-2016 16:30:34.395 [Thread-220] Server:230 sendToClient - Send to Client: 0 {"Statusupdate":{"Spieler":{"id":2,"Farbe":"Blau","Name":"123","Status":"Spiel starten","Siegpunkte":0,"Rohstoffe":{},"Entwicklungskarten":{"Ritter":0,"Straßenbau":0,"Monopol":0,"Erfindung":0,"Siegpunkt":0},"Größte Rittermacht":false,"Größte Handelsstraße":false}}}
17-07-2016 16:30:34.395 [Thread-220] ServerOutputHandler:304 statusUpdate - Send Setting up to 1
17-07-2016 16:30:34.395 [Thread-108] Client:86 runClient - Received from Server: {"Statusupdate":{"Spieler":{"id":2,"Farbe":"Blau","Name":"123","Status":"Spiel starten","Siegpunkte":0,"Rohstoffe":{},"Entwicklungskarten":{"Ritter":0,"Straßenbau":0,"Monopol":0,"Erfindung":0,"Siegpunkt":0},"Größte Rittermacht":false,"Größte Handelsstraße":false}}}
17-07-2016 16:30:34.396 [Thread-220] Server:230 sendToClient - Send to Client: 1 {"Statusupdate":{"Spieler":{"id":2,"Farbe":"Blau","Name":"123","Status":"Spiel starten","Siegpunkte":0,"Rohstoffe":{},"Entwicklungskarten":{"Ritter":0,"Straßenbau":0,"Monopol":0,"Erfindung":0,"Siegpunkt":0},"Größte Rittermacht":false,"Größte Handelsstraße":false}}}
17-07-2016 16:30:34.396 [Thread-164] Client:86 runClient - Received from Server: {"Statusupdate":{"Spieler":{"id":2,"Farbe":"Blau","Name":"123","Status":"Spiel starten","Siegpunkte":0,"Rohstoffe":{},"Entwicklungskarten":{"Ritter":0,"Straßenbau":0,"Monopol":0,"Erfindung":0,"Siegpunkt":0},"Größte Rittermacht":false,"Größte Handelsstraße":false}}}
17-07-2016 16:30:34.396 [Thread-220] ServerOutputHandler:304 statusUpdate - Send Setting up to 2
17-07-2016 16:30:34.397 [Thread-220] Server:230 sendToClient - Send to Client: 2 {"Statusupdate":{"Spieler":{"id":2,"Farbe":"Blau","Name":"123","Status":"Spiel starten","Siegpunkte":0,"Rohstoffe":{},"Entwicklungskarten":{"Ritter":0,"Straßenbau":0,"Monopol":0,"Erfindung":0,"Siegpunkt":0},"Größte Rittermacht":false,"Größte Handelsstraße":false}}}
17-07-2016 16:30:34.397 [Thread-219] Client:86 runClient - Received from Server: {"Statusupdate":{"Spieler":{"id":2,"Farbe":"Blau","Name":"123","Status":"Spiel starten","Siegpunkte":0,"Rohstoffe":{},"Entwicklungskarten":{"Ritter":0,"Straßenbau":0,"Monopol":0,"Erfindung":0,"Siegpunkt":0},"Größte Rittermacht":false,"Größte Handelsstraße":false}}}
17-07-2016 16:30:34.772 [JavaFX Application Thread] Client:99 write - Client sends to Server: {"Spiel starten":{}}
17-07-2016 16:30:34.773 [Thread-220] Server:134 run - Server got message: {"Spiel starten":{}}
17-07-2016 16:30:34.774 [Thread-220] ServerOutputHandler:304 statusUpdate - Send Waiting for game begin to 0
17-07-2016 16:30:34.775 [Thread-220] Server:230 sendToClient - Send to Client: 0 {"Statusupdate":{"Spieler":{"id":2,"Farbe":"Blau","Name":"123","Status":"Wartet auf Spielbeginn","Siegpunkte":0,"Rohstoffe":{},"Entwicklungskarten":{"Ritter":0,"Straßenbau":0,"Monopol":0,"Erfindung":0,"Siegpunkt":0},"Größte Rittermacht":false,"Größte Handelsstraße":false}}}
17-07-2016 16:30:34.776 [Thread-220] ServerOutputHandler:304 statusUpdate - Send Waiting for game begin to 1
17-07-2016 16:30:34.776 [Thread-108] Client:86 runClient - Received from Server: {"Statusupdate":{"Spieler":{"id":2,"Farbe":"Blau","Name":"123","Status":"Wartet auf Spielbeginn","Siegpunkte":0,"Rohstoffe":{},"Entwicklungskarten":{"Ritter":0,"Straßenbau":0,"Monopol":0,"Erfindung":0,"Siegpunkt":0},"Größte Rittermacht":false,"Größte Handelsstraße":false}}}
17-07-2016 16:30:34.777 [Thread-220] Server:230 sendToClient - Send to Client: 1 {"Statusupdate":{"Spieler":{"id":2,"Farbe":"Blau","Name":"123","Status":"Wartet auf Spielbeginn","Siegpunkte":0,"Rohstoffe":{},"Entwicklungskarten":{"Ritter":0,"Straßenbau":0,"Monopol":0,"Erfindung":0,"Siegpunkt":0},"Größte Rittermacht":false,"Größte Handelsstraße":false}}}
17-07-2016 16:30:34.777 [Thread-164] Client:86 runClient - Received from Server: {"Statusupdate":{"Spieler":{"id":2,"Farbe":"Blau","Name":"123","Status":"Wartet auf Spielbeginn","Siegpunkte":0,"Rohstoffe":{},"Entwicklungskarten":{"Ritter":0,"Straßenbau":0,"Monopol":0,"Erfindung":0,"Siegpunkt":0},"Größte Rittermacht":false,"Größte Handelsstraße":false}}}
17-07-2016 16:30:34.777 [Thread-220] ServerOutputHandler:304 statusUpdate - Send Waiting for game begin to 2
17-07-2016 16:30:34.778 [Thread-220] Server:230 sendToClient - Send to Client: 2 {"Statusupdate":{"Spieler":{"id":2,"Farbe":"Blau","Name":"123","Status":"Wartet auf Spielbeginn","Siegpunkte":0,"Rohstoffe":{},"Entwicklungskarten":{"Ritter":0,"Straßenbau":0,"Monopol":0,"Erfindung":0,"Siegpunkt":0},"Größte Rittermacht":false,"Größte Handelsstraße":false}}}
17-07-2016 16:30:34.779 [Thread-219] Client:86 runClient - Received from Server: {"Statusupdate":{"Spieler":{"id":2,"Farbe":"Blau","Name":"123","Status":"Wartet auf Spielbeginn","Siegpunkte":0,"Rohstoffe":{},"Entwicklungskarten":{"Ritter":0,"Straßenbau":0,"Monopol":0,"Erfindung":0,"Siegpunkt":0},"Größte Rittermacht":false,"Größte Handelsstraße":false}}}
17-07-2016 16:30:34.782 [Thread-220] Server:207 broadcast - Broadcast: {"Spiel gestartet":{"Karte":{"Felder":[{"Ort":{"x":-2,"y":2},"Typ":"Ackerland","Zahl":5},{"Ort":{"x":-1,"y":2},"Typ":"Ackerland","Zahl":2},{"Ort":{"x":0,"y":2},"Typ":"Hügelland","Zahl":6},{"Ort":{"x":-2,"y":1},"Typ":"Weideland","Zahl":8},{"Ort":{"x":-1,"y":1},"Typ":"Gebirge","Zahl":10},{"Ort":{"x":0,"y":1},"Typ":"Weideland","Zahl":9},{"Ort":{"x":1,"y":1},"Typ":"Hügelland","Zahl":3},{"Ort":{"x":-2,"y":0},"Typ":"Gebirge","Zahl":4},{"Ort":{"x":-1,"y":0},"Typ":"Wald","Zahl":3},{"Ort":{"x":0,"y":0},"Typ":"Wald","Zahl":11},{"Ort":{"x":1,"y":0},"Typ":"Weideland","Zahl":4},{"Ort":{"x":2,"y":0},"Typ":"Ackerland","Zahl":8},{"Ort":{"x":-1,"y":-1},"Typ":"Weideland","Zahl":11},{"Ort":{"x":0,"y":-1},"Typ":"Wald","Zahl":6},{"Ort":{"x":1,"y":-1},"Typ":"Wald","Zahl":5},{"Ort":{"x":2,"y":-1},"Typ":"Hügelland","Zahl":10},{"Ort":{"x":0,"y":-2},"Typ":"Gebirge","Zahl":12},{"Ort":{"x":1,"y":-2},"Typ":"Wüste"},{"Ort":{"x":2,"y":-2},"Typ":"Ackerland","Zahl":9},{"Ort":{"x":-3,"y":3},"Typ":"Meer"},{"Ort":{"x":-2,"y":3},"Typ":"Meer"},{"Ort":{"x":-1,"y":3},"Typ":"Meer"},{"Ort":{"x":0,"y":3},"Typ":"Meer"},{"Ort":{"x":-3,"y":2},"Typ":"Meer"},{"Ort":{"x":1,"y":2},"Typ":"Meer"},{"Ort":{"x":-3,"y":1},"Typ":"Meer"},{"Ort":{"x":2,"y":1},"Typ":"Meer"},{"Ort":{"x":-3,"y":0},"Typ":"Meer"},{"Ort":{"x":3,"y":0},"Typ":"Meer"},{"Ort":{"x":-2,"y":-1},"Typ":"Meer"},{"Ort":{"x":3,"y":-1},"Typ":"Meer"},{"Ort":{"x":-1,"y":-2},"Typ":"Meer"},{"Ort":{"x":3,"y":-2},"Typ":"Meer"},{"Ort":{"x":0,"y":-3},"Typ":"Meer"},{"Ort":{"x":1,"y":-3},"Typ":"Meer"},{"Ort":{"x":2,"y":-3},"Typ":"Meer"},{"Ort":{"x":3,"y":-3},"Typ":"Meer"}],"Gebäude":[],"Häfen":[{"Ort":[{"x":-3,"y":3},{"x":-2,"y":2}],"Typ":"Hafen"},{"Ort":[{"x":-1,"y":3},{"x":0,"y":2}],"Typ":"Erz Hafen"},{"Ort":[{"x":1,"y":2},{"x":1,"y":1}],"Typ":"Wolle Hafen"},{"Ort":[{"x":2,"y":0},{"x":3,"y":0}],"Typ":"Getreide Hafen"},{"Ort":[{"x":2,"y":-2},{"x":3,"y":-2}],"Typ":"Hafen"},{"Ort":[{"x":1,"y":-2},{"x":2,"y":-3}],"Typ":"Hafen"},{"Ort":[{"x":0,"y":-2},{"x":0,"y":-3}],"Typ":"Holz Hafen"},{"Ort":[{"x":-2,"y":-1},{"x":-1,"y":-1}],"Typ":"Lehm Hafen"},{"Ort":[{"x":-3,"y":1},{"x":-2,"y":1}],"Typ":"Hafen"}],"Räuber":{"x":1,"y":-2}}}}
17-07-2016 16:30:34.783 [Thread-108] Client:86 runClient - Received from Server: {"Spiel gestartet":{"Karte":{"Felder":[{"Ort":{"x":-2,"y":2},"Typ":"Ackerland","Zahl":5},{"Ort":{"x":-1,"y":2},"Typ":"Ackerland","Zahl":2},{"Ort":{"x":0,"y":2},"Typ":"Hügelland","Zahl":6},{"Ort":{"x":-2,"y":1},"Typ":"Weideland","Zahl":8},{"Ort":{"x":-1,"y":1},"Typ":"Gebirge","Zahl":10},{"Ort":{"x":0,"y":1},"Typ":"Weideland","Zahl":9},{"Ort":{"x":1,"y":1},"Typ":"Hügelland","Zahl":3},{"Ort":{"x":-2,"y":0},"Typ":"Gebirge","Zahl":4},{"Ort":{"x":-1,"y":0},"Typ":"Wald","Zahl":3},{"Ort":{"x":0,"y":0},"Typ":"Wald","Zahl":11},{"Ort":{"x":1,"y":0},"Typ":"Weideland","Zahl":4},{"Ort":{"x":2,"y":0},"Typ":"Ackerland","Zahl":8},{"Ort":{"x":-1,"y":-1},"Typ":"Weideland","Zahl":11},{"Ort":{"x":0,"y":-1},"Typ":"Wald","Zahl":6},{"Ort":{"x":1,"y":-1},"Typ":"Wald","Zahl":5},{"Ort":{"x":2,"y":-1},"Typ":"Hügelland","Zahl":10},{"Ort":{"x":0,"y":-2},"Typ":"Gebirge","Zahl":12},{"Ort":{"x":1,"y":-2},"Typ":"Wüste"},{"Ort":{"x":2,"y":-2},"Typ":"Ackerland","Zahl":9},{"Ort":{"x":-3,"y":3},"Typ":"Meer"},{"Ort":{"x":-2,"y":3},"Typ":"Meer"},{"Ort":{"x":-1,"y":3},"Typ":"Meer"},{"Ort":{"x":0,"y":3},"Typ":"Meer"},{"Ort":{"x":-3,"y":2},"Typ":"Meer"},{"Ort":{"x":1,"y":2},"Typ":"Meer"},{"Ort":{"x":-3,"y":1},"Typ":"Meer"},{"Ort":{"x":2,"y":1},"Typ":"Meer"},{"Ort":{"x":-3,"y":0},"Typ":"Meer"},{"Ort":{"x":3,"y":0},"Typ":"Meer"},{"Ort":{"x":-2,"y":-1},"Typ":"Meer"},{"Ort":{"x":3,"y":-1},"Typ":"Meer"},{"Ort":{"x":-1,"y":-2},"Typ":"Meer"},{"Ort":{"x":3,"y":-2},"Typ":"Meer"},{"Ort":{"x":0,"y":-3},"Typ":"Meer"},{"Ort":{"x":1,"y":-3},"Typ":"Meer"},{"Ort":{"x":2,"y":-3},"Typ":"Meer"},{"Ort":{"x":3,"y":-3},"Typ":"Meer"}],"Gebäude":[],"Häfen":[{"Ort":[{"x":-3,"y":3},{"x":-2,"y":2}],"Typ":"Hafen"},{"Ort":[{"x":-1,"y":3},{"x":0,"y":2}],"Typ":"Erz Hafen"},{"Ort":[{"x":1,"y":2},{"x":1,"y":1}],"Typ":"Wolle Hafen"},{"Ort":[{"x":2,"y":0},{"x":3,"y":0}],"Typ":"Getreide Hafen"},{"Ort":[{"x":2,"y":-2},{"x":3,"y":-2}],"Typ":"Hafen"},{"Ort":[{"x":1,"y":-2},{"x":2,"y":-3}],"Typ":"Hafen"},{"Ort":[{"x":0,"y":-2},{"x":0,"y":-3}],"Typ":"Holz Hafen"},{"Ort":[{"x":-2,"y":-1},{"x":-1,"y":-1}],"Typ":"Lehm Hafen"},{"Ort":[{"x":-3,"y":1},{"x":-2,"y":1}],"Typ":"Hafen"}],"Räuber":{"x":1,"y":-2}}}}
17-07-2016 16:30:34.784 [Thread-220] Server:207 broadcast - Broadcast: {"Würfelwurf":{"Spieler":0,"Wurf":[5,2]}}
17-07-2016 16:30:34.783 [Thread-219] Client:86 runClient - Received from Server: {"Spiel gestartet":{"Karte":{"Felder":[{"Ort":{"x":-2,"y":2},"Typ":"Ackerland","Zahl":5},{"Ort":{"x":-1,"y":2},"Typ":"Ackerland","Zahl":2},{"Ort":{"x":0,"y":2},"Typ":"Hügelland","Zahl":6},{"Ort":{"x":-2,"y":1},"Typ":"Weideland","Zahl":8},{"Ort":{"x":-1,"y":1},"Typ":"Gebirge","Zahl":10},{"Ort":{"x":0,"y":1},"Typ":"Weideland","Zahl":9},{"Ort":{"x":1,"y":1},"Typ":"Hügelland","Zahl":3},{"Ort":{"x":-2,"y":0},"Typ":"Gebirge","Zahl":4},{"Ort":{"x":-1,"y":0},"Typ":"Wald","Zahl":3},{"Ort":{"x":0,"y":0},"Typ":"Wald","Zahl":11},{"Ort":{"x":1,"y":0},"Typ":"Weideland","Zahl":4},{"Ort":{"x":2,"y":0},"Typ":"Ackerland","Zahl":8},{"Ort":{"x":-1,"y":-1},"Typ":"Weideland","Zahl":11},{"Ort":{"x":0,"y":-1},"Typ":"Wald","Zahl":6},{"Ort":{"x":1,"y":-1},"Typ":"Wald","Zahl":5},{"Ort":{"x":2,"y":-1},"Typ":"Hügelland","Zahl":10},{"Ort":{"x":0,"y":-2},"Typ":"Gebirge","Zahl":12},{"Ort":{"x":1,"y":-2},"Typ":"Wüste"},{"Ort":{"x":2,"y":-2},"Typ":"Ackerland","Zahl":9},{"Ort":{"x":-3,"y":3},"Typ":"Meer"},{"Ort":{"x":-2,"y":3},"Typ":"Meer"},{"Ort":{"x":-1,"y":3},"Typ":"Meer"},{"Ort":{"x":0,"y":3},"Typ":"Meer"},{"Ort":{"x":-3,"y":2},"Typ":"Meer"},{"Ort":{"x":1,"y":2},"Typ":"Meer"},{"Ort":{"x":-3,"y":1},"Typ":"Meer"},{"Ort":{"x":2,"y":1},"Typ":"Meer"},{"Ort":{"x":-3,"y":0},"Typ":"Meer"},{"Ort":{"x":3,"y":0},"Typ":"Meer"},{"Ort":{"x":-2,"y":-1},"Typ":"Meer"},{"Ort":{"x":3,"y":-1},"Typ":"Meer"},{"Ort":{"x":-1,"y":-2},"Typ":"Meer"},{"Ort":{"x":3,"y":-2},"Typ":"Meer"},{"Ort":{"x":0,"y":-3},"Typ":"Meer"},{"Ort":{"x":1,"y":-3},"Typ":"Meer"},{"Ort":{"x":2,"y":-3},"Typ":"Meer"},{"Ort":{"x":3,"y":-3},"Typ":"Meer"}],"Gebäude":[],"Häfen":[{"Ort":[{"x":-3,"y":3},{"x":-2,"y":2}],"Typ":"Hafen"},{"Ort":[{"x":-1,"y":3},{"x":0,"y":2}],"Typ":"Erz Hafen"},{"Ort":[{"x":1,"y":2},{"x":1,"y":1}],"Typ":"Wolle Hafen"},{"Ort":[{"x":2,"y":0},{"x":3,"y":0}],"Typ":"Getreide Hafen"},{"Ort":[{"x":2,"y":-2},{"x":3,"y":-2}],"Typ":"Hafen"},{"Ort":[{"x":1,"y":-2},{"x":2,"y":-3}],"Typ":"Hafen"},{"Ort":[{"x":0,"y":-2},{"x":0,"y":-3}],"Typ":"Holz Hafen"},{"Ort":[{"x":-2,"y":-1},{"x":-1,"y":-1}],"Typ":"Lehm Hafen"},{"Ort":[{"x":-3,"y":1},{"x":-2,"y":1}],"Typ":"Hafen"}],"Räuber":{"x":1,"y":-2}}}}
17-07-2016 16:30:34.786 [Thread-108] Client:86 runClient - Received from Server: {"Würfelwurf":{"Spieler":0,"Wurf":[5,2]}}
17-07-2016 16:30:34.783 [Thread-164] Client:86 runClient - Received from Server: {"Spiel gestartet":{"Karte":{"Felder":[{"Ort":{"x":-2,"y":2},"Typ":"Ackerland","Zahl":5},{"Ort":{"x":-1,"y":2},"Typ":"Ackerland","Zahl":2},{"Ort":{"x":0,"y":2},"Typ":"Hügelland","Zahl":6},{"Ort":{"x":-2,"y":1},"Typ":"Weideland","Zahl":8},{"Ort":{"x":-1,"y":1},"Typ":"Gebirge","Zahl":10},{"Ort":{"x":0,"y":1},"Typ":"Weideland","Zahl":9},{"Ort":{"x":1,"y":1},"Typ":"Hügelland","Zahl":3},{"Ort":{"x":-2,"y":0},"Typ":"Gebirge","Zahl":4},{"Ort":{"x":-1,"y":0},"Typ":"Wald","Zahl":3},{"Ort":{"x":0,"y":0},"Typ":"Wald","Zahl":11},{"Ort":{"x":1,"y":0},"Typ":"Weideland","Zahl":4},{"Ort":{"x":2,"y":0},"Typ":"Ackerland","Zahl":8},{"Ort":{"x":-1,"y":-1},"Typ":"Weideland","Zahl":11},{"Ort":{"x":0,"y":-1},"Typ":"Wald","Zahl":6},{"Ort":{"x":1,"y":-1},"Typ":"Wald","Zahl":5},{"Ort":{"x":2,"y":-1},"Typ":"Hügelland","Zahl":10},{"Ort":{"x":0,"y":-2},"Typ":"Gebirge","Zahl":12},{"Ort":{"x":1,"y":-2},"Typ":"Wüste"},{"Ort":{"x":2,"y":-2},"Typ":"Ackerland","Zahl":9},{"Ort":{"x":-3,"y":3},"Typ":"Meer"},{"Ort":{"x":-2,"y":3},"Typ":"Meer"},{"Ort":{"x":-1,"y":3},"Typ":"Meer"},{"Ort":{"x":0,"y":3},"Typ":"Meer"},{"Ort":{"x":-3,"y":2},"Typ":"Meer"},{"Ort":{"x":1,"y":2},"Typ":"Meer"},{"Ort":{"x":-3,"y":1},"Typ":"Meer"},{"Ort":{"x":2,"y":1},"Typ":"Meer"},{"Ort":{"x":-3,"y":0},"Typ":"Meer"},{"Ort":{"x":3,"y":0},"Typ":"Meer"},{"Ort":{"x":-2,"y":-1},"Typ":"Meer"},{"Ort":{"x":3,"y":-1},"Typ":"Meer"},{"Ort":{"x":-1,"y":-2},"Typ":"Meer"},{"Ort":{"x":3,"y":-2},"Typ":"Meer"},{"Ort":{"x":0,"y":-3},"Typ":"Meer"},{"Ort":{"x":1,"y":-3},"Typ":"Meer"},{"Ort":{"x":2,"y":-3},"Typ":"Meer"},{"Ort":{"x":3,"y":-3},"Typ":"Meer"}],"Gebäude":[],"Häfen":[{"Ort":[{"x":-3,"y":3},{"x":-2,"y":2}],"Typ":"Hafen"},{"Ort":[{"x":-1,"y":3},{"x":0,"y":2}],"Typ":"Erz Hafen"},{"Ort":[{"x":1,"y":2},{"x":1,"y":1}],"Typ":"Wolle Hafen"},{"Ort":[{"x":2,"y":0},{"x":3,"y":0}],"Typ":"Getreide Hafen"},{"Ort":[{"x":2,"y":-2},{"x":3,"y":-2}],"Typ":"Hafen"},{"Ort":[{"x":1,"y":-2},{"x":2,"y":-3}],"Typ":"Hafen"},{"Ort":[{"x":0,"y":-2},{"x":0,"y":-3}],"Typ":"Holz Hafen"},{"Ort":[{"x":-2,"y":-1},{"x":-1,"y":-1}],"Typ":"Lehm Hafen"},{"Ort":[{"x":-3,"y":1},{"x":-2,"y":1}],"Typ":"Hafen"}],"Räuber":{"x":1,"y":-2}}}}
17-07-2016 16:30:34.789 [JavaFX Application Thread] ClientController:349 run - STARTING GAME VIEW IN Platform.runLater
17-07-2016 16:30:34.789 [Thread-219] Client:86 runClient - Received from Server: {"Würfelwurf":{"Spieler":0,"Wurf":[5,2]}}
17-07-2016 16:30:34.793 [Thread-164] Client:86 runClient - Received from Server: {"Würfelwurf":{"Spieler":0,"Wurf":[5,2]}}
17-07-2016 16:30:34.788 [Thread-220] Server:207 broadcast - Broadcast: {"Würfelwurf":{"Spieler":1,"Wurf":[1,1]}}
17-07-2016 16:30:34.799 [Thread-108] Client:86 runClient - Received from Server: {"Würfelwurf":{"Spieler":1,"Wurf":[1,1]}}
17-07-2016 16:30:34.800 [Thread-164] Client:86 runClient - Received from Server: {"Würfelwurf":{"Spieler":1,"Wurf":[1,1]}}
17-07-2016 16:30:34.800 [Thread-219] Client:86 runClient - Received from Server: {"Würfelwurf":{"Spieler":1,"Wurf":[1,1]}}
17-07-2016 16:30:34.800 [Thread-220] Server:207 broadcast - Broadcast: {"Würfelwurf":{"Spieler":2,"Wurf":[3,3]}}
17-07-2016 16:30:34.801 [Thread-220] ServerOutputHandler:304 statusUpdate - Send Building settlement to 0
17-07-2016 16:30:34.801 [Thread-164] Client:86 runClient - Received from Server: {"Würfelwurf":{"Spieler":2,"Wurf":[3,3]}}
17-07-2016 16:30:34.801 [Thread-219] Client:86 runClient - Received from Server: {"Würfelwurf":{"Spieler":2,"Wurf":[3,3]}}
17-07-2016 16:30:34.802 [Thread-220] Server:230 sendToClient - Send to Client: 0 {"Statusupdate":{"Spieler":{"id":0,"Farbe":"Rot","Name":"123","Status":"Dorf bauen","Siegpunkte":0,"Rohstoffe":{},"Rittermacht":0,"Entwicklungskarten":{"Ritter":0,"Straßenbau":0,"Monopol":0,"Erfindung":0,"Siegpunkt":0},"Größte Rittermacht":false,"Größte Handelsstraße":false}}}
17-07-2016 16:30:34.802 [Thread-220] ServerOutputHandler:304 statusUpdate - Send Building settlement to 1
17-07-2016 16:30:34.802 [Thread-108] Client:86 runClient - Received from Server: {"Würfelwurf":{"Spieler":2,"Wurf":[3,3]}}
17-07-2016 16:30:34.803 [Thread-108] Client:86 runClient - Received from Server: {"Statusupdate":{"Spieler":{"id":0,"Farbe":"Rot","Name":"123","Status":"Dorf bauen","Siegpunkte":0,"Rohstoffe":{},"Rittermacht":0,"Entwicklungskarten":{"Ritter":0,"Straßenbau":0,"Monopol":0,"Erfindung":0,"Siegpunkt":0},"Größte Rittermacht":false,"Größte Handelsstraße":false}}}
17-07-2016 16:30:34.803 [Thread-220] Server:230 sendToClient - Send to Client: 1 {"Statusupdate":{"Spieler":{"id":0,"Farbe":"Rot","Name":"123","Status":"Dorf bauen","Siegpunkte":0,"Rohstoffe":{"Unbekannt":0},"Rittermacht":0,"Entwicklungskarten":{"Unbekannt":0},"Größte Rittermacht":false,"Größte Handelsstraße":false}}}
17-07-2016 16:30:34.804 [Thread-220] ServerOutputHandler:304 statusUpdate - Send Building settlement to 2
17-07-2016 16:30:34.804 [Thread-164] Client:86 runClient - Received from Server: {"Statusupdate":{"Spieler":{"id":0,"Farbe":"Rot","Name":"123","Status":"Dorf bauen","Siegpunkte":0,"Rohstoffe":{"Unbekannt":0},"Rittermacht":0,"Entwicklungskarten":{"Unbekannt":0},"Größte Rittermacht":false,"Größte Handelsstraße":false}}}
17-07-2016 16:30:34.804 [Thread-220] Server:230 sendToClient - Send to Client: 2 {"Statusupdate":{"Spieler":{"id":0,"Farbe":"Rot","Name":"123","Status":"Dorf bauen","Siegpunkte":0,"Rohstoffe":{"Unbekannt":0},"Rittermacht":0,"Entwicklungskarten":{"Unbekannt":0},"Größte Rittermacht":false,"Größte Handelsstraße":false}}}
17-07-2016 16:30:34.805 [Thread-220] ServerOutputHandler:304 statusUpdate - Send Waiting to 0
17-07-2016 16:30:34.805 [Thread-220] Server:230 sendToClient - Send to Client: 0 {"Statusupdate":{"Spieler":{"id":2,"Farbe":"Blau","Name":"123","Status":"Warten","Siegpunkte":0,"Rohstoffe":{"Unbekannt":0},"Rittermacht":0,"Entwicklungskarten":{"Unbekannt":0},"Größte Rittermacht":false,"Größte Handelsstraße":false}}}
17-07-2016 16:30:34.806 [Thread-220] ServerOutputHandler:304 statusUpdate - Send Waiting to 1
17-07-2016 16:30:34.806 [Thread-219] Client:86 runClient - Received from Server: {"Statusupdate":{"Spieler":{"id":0,"Farbe":"Rot","Name":"123","Status":"Dorf bauen","Siegpunkte":0,"Rohstoffe":{"Unbekannt":0},"Rittermacht":0,"Entwicklungskarten":{"Unbekannt":0},"Größte Rittermacht":false,"Größte Handelsstraße":false}}}
17-07-2016 16:30:34.807 [Thread-220] Server:230 sendToClient - Send to Client: 1 {"Statusupdate":{"Spieler":{"id":2,"Farbe":"Blau","Name":"123","Status":"Warten","Siegpunkte":0,"Rohstoffe":{"Unbekannt":0},"Rittermacht":0,"Entwicklungskarten":{"Unbekannt":0},"Größte Rittermacht":false,"Größte Handelsstraße":false}}}
17-07-2016 16:30:34.807 [Thread-108] Client:86 runClient - Received from Server: {"Statusupdate":{"Spieler":{"id":2,"Farbe":"Blau","Name":"123","Status":"Warten","Siegpunkte":0,"Rohstoffe":{"Unbekannt":0},"Rittermacht":0,"Entwicklungskarten":{"Unbekannt":0},"Größte Rittermacht":false,"Größte Handelsstraße":false}}}
17-07-2016 16:30:34.807 [Thread-220] ServerOutputHandler:304 statusUpdate - Send Waiting to 2
17-07-2016 16:30:34.808 [Thread-164] Client:86 runClient - Received from Server: {"Statusupdate":{"Spieler":{"id":2,"Farbe":"Blau","Name":"123","Status":"Warten","Siegpunkte":0,"Rohstoffe":{"Unbekannt":0},"Rittermacht":0,"Entwicklungskarten":{"Unbekannt":0},"Größte Rittermacht":false,"Größte Handelsstraße":false}}}
17-07-2016 16:30:34.808 [Thread-220] Server:230 sendToClient - Send to Client: 2 {"Statusupdate":{"Spieler":{"id":2,"Farbe":"Blau","Name":"123","Status":"Warten","Siegpunkte":0,"Rohstoffe":{},"Rittermacht":0,"Entwicklungskarten":{"Ritter":0,"Straßenbau":0,"Monopol":0,"Erfindung":0,"Siegpunkt":0},"Größte Rittermacht":false,"Größte Handelsstraße":false}}}
17-07-2016 16:30:34.811 [Thread-220] ServerOutputHandler:304 statusUpdate - Send Waiting to 0
17-07-2016 16:30:34.812 [Thread-219] Client:86 runClient - Received from Server: {"Statusupdate":{"Spieler":{"id":2,"Farbe":"Blau","Name":"123","Status":"Warten","Siegpunkte":0,"Rohstoffe":{},"Rittermacht":0,"Entwicklungskarten":{"Ritter":0,"Straßenbau":0,"Monopol":0,"Erfindung":0,"Siegpunkt":0},"Größte Rittermacht":false,"Größte Handelsstraße":false}}}
17-07-2016 16:30:34.812 [Thread-220] Server:230 sendToClient - Send to Client: 0 {"Statusupdate":{"Spieler":{"id":1,"Farbe":"Orange","Name":"123","Status":"Warten","Siegpunkte":0,"Rohstoffe":{"Unbekannt":0},"Rittermacht":0,"Entwicklungskarten":{"Unbekannt":0},"Größte Rittermacht":false,"Größte Handelsstraße":false}}}
17-07-2016 16:30:34.812 [Thread-220] ServerOutputHandler:304 statusUpdate - Send Waiting to 1
17-07-2016 16:30:34.812 [Thread-108] Client:86 runClient - Received from Server: {"Statusupdate":{"Spieler":{"id":1,"Farbe":"Orange","Name":"123","Status":"Warten","Siegpunkte":0,"Rohstoffe":{"Unbekannt":0},"Rittermacht":0,"Entwicklungskarten":{"Unbekannt":0},"Größte Rittermacht":false,"Größte Handelsstraße":false}}}
17-07-2016 16:30:34.813 [Thread-220] Server:230 sendToClient - Send to Client: 1 {"Statusupdate":{"Spieler":{"id":1,"Farbe":"Orange","Name":"123","Status":"Warten","Siegpunkte":0,"Rohstoffe":{},"Rittermacht":0,"Entwicklungskarten":{"Ritter":0,"Straßenbau":0,"Monopol":0,"Erfindung":0,"Siegpunkt":0},"Größte Rittermacht":false,"Größte Handelsstraße":false}}}
17-07-2016 16:30:34.813 [Thread-164] Client:86 runClient - Received from Server: {"Statusupdate":{"Spieler":{"id":1,"Farbe":"Orange","Name":"123","Status":"Warten","Siegpunkte":0,"Rohstoffe":{},"Rittermacht":0,"Entwicklungskarten":{"Ritter":0,"Straßenbau":0,"Monopol":0,"Erfindung":0,"Siegpunkt":0},"Größte Rittermacht":false,"Größte Handelsstraße":false}}}
17-07-2016 16:30:34.813 [Thread-220] ServerOutputHandler:304 statusUpdate - Send Waiting to 2
17-07-2016 16:30:34.814 [Thread-220] Server:230 sendToClient - Send to Client: 2 {"Statusupdate":{"Spieler":{"id":1,"Farbe":"Orange","Name":"123","Status":"Warten","Siegpunkte":0,"Rohstoffe":{"Unbekannt":0},"Rittermacht":0,"Entwicklungskarten":{"Unbekannt":0},"Größte Rittermacht":false,"Größte Handelsstraße":false}}}
17-07-2016 16:30:34.814 [Thread-219] Client:86 runClient - Received from Server: {"Statusupdate":{"Spieler":{"id":1,"Farbe":"Orange","Name":"123","Status":"Warten","Siegpunkte":0,"Rohstoffe":{"Unbekannt":0},"Rittermacht":0,"Entwicklungskarten":{"Unbekannt":0},"Größte Rittermacht":false,"Größte Handelsstraße":false}}}
17-07-2016 16:30:35.088 [JavaFX Application Thread] ClientController:349 run - STARTING GAME VIEW IN Platform.runLater
17-07-2016 16:30:35.310 [JavaFX Application Thread] ClientController:349 run - STARTING GAME VIEW IN Platform.runLater
17-07-2016 16:30:38.607 [JavaFX Application Thread] ClientController:763 requestBuildVillage - Building Initial Village
17-07-2016 16:30:38.608 [JavaFX Application Thread] Client:99 write - Client sends to Server: {"Bauen":{"Typ":"Dorf","Ort":[{"x":-2,"y":2},{"x":-2,"y":1},{"x":-1,"y":1}]}}
17-07-2016 16:30:38.608 [Thread-109] Server:134 run - Server got message: {"Bauen":{"Typ":"Dorf","Ort":[{"x":-2,"y":2},{"x":-2,"y":1},{"x":-1,"y":1}]}}
17-07-2016 16:30:38.609 [Thread-109] Server:230 sendToClient - Send to Client: 0 {"Serverantwort":"OK"}
17-07-2016 16:30:38.610 [Thread-108] Client:86 runClient - Received from Server: {"Serverantwort":"OK"}
17-07-2016 16:30:38.611 [Thread-109] Server:207 broadcast - Broadcast: {"Bauvorgang":{"Gebäude":{"Eigentümer":0,"Typ":"Dorf","Ort":[{"x":-2,"y":2},{"x":-2,"y":1},{"x":-1,"y":1}]}}}
17-07-2016 16:30:38.611 [Thread-108] Client:86 runClient - Received from Server: {"Bauvorgang":{"Gebäude":{"Eigentümer":0,"Typ":"Dorf","Ort":[{"x":-2,"y":2},{"x":-2,"y":1},{"x":-1,"y":1}]}}}
17-07-2016 16:30:38.611 [Thread-164] Client:86 runClient - Received from Server: {"Bauvorgang":{"Gebäude":{"Eigentümer":0,"Typ":"Dorf","Ort":[{"x":-2,"y":2},{"x":-2,"y":1},{"x":-1,"y":1}]}}}
17-07-2016 16:30:38.611 [Thread-109] ServerOutputHandler:304 statusUpdate - Send Building road to 0
17-07-2016 16:30:38.612 [Thread-109] Server:230 sendToClient - Send to Client: 0 {"Statusupdate":{"Spieler":{"id":0,"Farbe":"Rot","Name":"123","Status":"Straße bauen","Siegpunkte":1,"Rohstoffe":{},"Rittermacht":0,"Entwicklungskarten":{"Ritter":0,"Straßenbau":0,"Monopol":0,"Erfindung":0,"Siegpunkt":0},"Größte Rittermacht":false,"Größte Handelsstraße":false}}}
17-07-2016 16:30:38.613 [Thread-109] ServerOutputHandler:304 statusUpdate - Send Building road to 1
17-07-2016 16:30:38.613 [Thread-108] Client:86 runClient - Received from Server: {"Statusupdate":{"Spieler":{"id":0,"Farbe":"Rot","Name":"123","Status":"Straße bauen","Siegpunkte":1,"Rohstoffe":{},"Rittermacht":0,"Entwicklungskarten":{"Ritter":0,"Straßenbau":0,"Monopol":0,"Erfindung":0,"Siegpunkt":0},"Größte Rittermacht":false,"Größte Handelsstraße":false}}}
17-07-2016 16:30:38.613 [Thread-109] Server:230 sendToClient - Send to Client: 1 {"Statusupdate":{"Spieler":{"id":0,"Farbe":"Rot","Name":"123","Status":"Straße bauen","Siegpunkte":1,"Rohstoffe":{"Unbekannt":0},"Rittermacht":0,"Entwicklungskarten":{"Unbekannt":0},"Größte Rittermacht":false,"Größte Handelsstraße":false}}}
17-07-2016 16:30:38.614 [Thread-109] ServerOutputHandler:304 statusUpdate - Send Building road to 2
17-07-2016 16:30:38.614 [Thread-109] Server:230 sendToClient - Send to Client: 2 {"Statusupdate":{"Spieler":{"id":0,"Farbe":"Rot","Name":"123","Status":"Straße bauen","Siegpunkte":1,"Rohstoffe":{"Unbekannt":0},"Rittermacht":0,"Entwicklungskarten":{"Unbekannt":0},"Größte Rittermacht":false,"Größte Handelsstraße":false}}}
17-07-2016 16:30:38.615 [Thread-219] Client:86 runClient - Received from Server: {"Bauvorgang":{"Gebäude":{"Eigentümer":0,"Typ":"Dorf","Ort":[{"x":-2,"y":2},{"x":-2,"y":1},{"x":-1,"y":1}]}}}
17-07-2016 16:30:38.615 [Thread-164] Client:86 runClient - Received from Server: {"Statusupdate":{"Spieler":{"id":0,"Farbe":"Rot","Name":"123","Status":"Straße bauen","Siegpunkte":1,"Rohstoffe":{"Unbekannt":0},"Rittermacht":0,"Entwicklungskarten":{"Unbekannt":0},"Größte Rittermacht":false,"Größte Handelsstraße":false}}}
17-07-2016 16:30:38.615 [Thread-219] Client:86 runClient - Received from Server: {"Statusupdate":{"Spieler":{"id":0,"Farbe":"Rot","Name":"123","Status":"Straße bauen","Siegpunkte":1,"Rohstoffe":{"Unbekannt":0},"Rittermacht":0,"Entwicklungskarten":{"Unbekannt":0},"Größte Rittermacht":false,"Größte Handelsstraße":false}}}
17-07-2016 16:30:39.149 [JavaFX Application Thread] ClientController:803 requestBuildStreet - Building Initial Road
17-07-2016 16:30:39.150 [JavaFX Application Thread] Client:99 write - Client sends to Server: {"Bauen":{"Typ":"Straße","Ort":[{"x":-2,"y":2},{"x":-1,"y":1}]}}
17-07-2016 16:30:39.150 [Thread-109] Server:134 run - Server got message: {"Bauen":{"Typ":"Straße","Ort":[{"x":-2,"y":2},{"x":-1,"y":1}]}}
17-07-2016 16:30:39.151 [Thread-109] Server:230 sendToClient - Send to Client: 0 {"Serverantwort":"OK"}
17-07-2016 16:30:39.152 [Thread-108] Client:86 runClient - Received from Server: {"Serverantwort":"OK"}
17-07-2016 16:30:39.152 [Thread-109] ServerController:1094 checkLongestTradingRoute - Calculated longest Trading Route: Player = 0 Length = 0
17-07-2016 16:30:39.153 [Thread-109] Server:207 broadcast - Broadcast: {"Bauvorgang":{"Gebäude":{"Eigentümer":0,"Typ":"Straße","Ort":[{"x":-2,"y":2},{"x":-1,"y":1}]}}}
17-07-2016 16:30:39.153 [Thread-109] ServerOutputHandler:304 statusUpdate - Send Waiting to 0
17-07-2016 16:30:39.154 [Thread-108] Client:86 runClient - Received from Server: {"Bauvorgang":{"Gebäude":{"Eigentümer":0,"Typ":"Straße","Ort":[{"x":-2,"y":2},{"x":-1,"y":1}]}}}
17-07-2016 16:30:39.154 [Thread-109] Server:230 sendToClient - Send to Client: 0 {"Statusupdate":{"Spieler":{"id":0,"Farbe":"Rot","Name":"123","Status":"Warten","Siegpunkte":1,"Rohstoffe":{},"Rittermacht":0,"Entwicklungskarten":{"Ritter":0,"Straßenbau":0,"Monopol":0,"Erfindung":0,"Siegpunkt":0},"Größte Rittermacht":false,"Größte Handelsstraße":false}}}
17-07-2016 16:30:39.154 [Thread-109] ServerOutputHandler:304 statusUpdate - Send Waiting to 1
17-07-2016 16:30:39.155 [Thread-109] Server:230 sendToClient - Send to Client: 1 {"Statusupdate":{"Spieler":{"id":0,"Farbe":"Rot","Name":"123","Status":"Warten","Siegpunkte":1,"Rohstoffe":{"Unbekannt":0},"Rittermacht":0,"Entwicklungskarten":{"Unbekannt":0},"Größte Rittermacht":false,"Größte Handelsstraße":false}}}
17-07-2016 16:30:39.155 [Thread-109] ServerOutputHandler:304 statusUpdate - Send Waiting to 2
17-07-2016 16:30:39.156 [Thread-108] Client:86 runClient - Received from Server: {"Statusupdate":{"Spieler":{"id":0,"Farbe":"Rot","Name":"123","Status":"Warten","Siegpunkte":1,"Rohstoffe":{},"Rittermacht":0,"Entwicklungskarten":{"Ritter":0,"Straßenbau":0,"Monopol":0,"Erfindung":0,"Siegpunkt":0},"Größte Rittermacht":false,"Größte Handelsstraße":false}}}
17-07-2016 16:30:39.156 [Thread-164] Client:86 runClient - Received from Server: {"Bauvorgang":{"Gebäude":{"Eigentümer":0,"Typ":"Straße","Ort":[{"x":-2,"y":2},{"x":-1,"y":1}]}}}
17-07-2016 16:30:39.157 [Thread-219] Client:86 runClient - Received from Server: {"Bauvorgang":{"Gebäude":{"Eigentümer":0,"Typ":"Straße","Ort":[{"x":-2,"y":2},{"x":-1,"y":1}]}}}
17-07-2016 16:30:39.157 [Thread-164] Client:86 runClient - Received from Server: {"Statusupdate":{"Spieler":{"id":0,"Farbe":"Rot","Name":"123","Status":"Warten","Siegpunkte":1,"Rohstoffe":{"Unbekannt":0},"Rittermacht":0,"Entwicklungskarten":{"Unbekannt":0},"Größte Rittermacht":false,"Größte Handelsstraße":false}}}
17-07-2016 16:30:39.158 [Thread-109] Server:230 sendToClient - Send to Client: 2 {"Statusupdate":{"Spieler":{"id":0,"Farbe":"Rot","Name":"123","Status":"Warten","Siegpunkte":1,"Rohstoffe":{"Unbekannt":0},"Rittermacht":0,"Entwicklungskarten":{"Unbekannt":0},"Größte Rittermacht":false,"Größte Handelsstraße":false}}}
17-07-2016 16:30:39.158 [Thread-219] Client:86 runClient - Received from Server: {"Statusupdate":{"Spieler":{"id":0,"Farbe":"Rot","Name":"123","Status":"Warten","Siegpunkte":1,"Rohstoffe":{"Unbekannt":0},"Rittermacht":0,"Entwicklungskarten":{"Unbekannt":0},"Größte Rittermacht":false,"Größte Handelsstraße":false}}}
17-07-2016 16:30:39.158 [Thread-109] ServerOutputHandler:304 statusUpdate - Send Building settlement to 0
17-07-2016 16:30:39.159 [Thread-109] Server:230 sendToClient - Send to Client: 0 {"Statusupdate":{"Spieler":{"id":2,"Farbe":"Blau","Name":"123","Status":"Dorf bauen","Siegpunkte":0,"Rohstoffe":{"Unbekannt":0},"Rittermacht":0,"Entwicklungskarten":{"Unbekannt":0},"Größte Rittermacht":false,"Größte Handelsstraße":false}}}
17-07-2016 16:30:39.159 [Thread-109] ServerOutputHandler:304 statusUpdate - Send Building settlement to 1
17-07-2016 16:30:39.160 [Thread-109] Server:230 sendToClient - Send to Client: 1 {"Statusupdate":{"Spieler":{"id":2,"Farbe":"Blau","Name":"123","Status":"Dorf bauen","Siegpunkte":0,"Rohstoffe":{"Unbekannt":0},"Rittermacht":0,"Entwicklungskarten":{"Unbekannt":0},"Größte Rittermacht":false,"Größte Handelsstraße":false}}}
17-07-2016 16:30:39.160 [Thread-109] ServerOutputHandler:304 statusUpdate - Send Building settlement to 2
17-07-2016 16:30:39.161 [Thread-164] Client:86 runClient - Received from Server: {"Statusupdate":{"Spieler":{"id":2,"Farbe":"Blau","Name":"123","Status":"Dorf bauen","Siegpunkte":0,"Rohstoffe":{"Unbekannt":0},"Rittermacht":0,"Entwicklungskarten":{"Unbekannt":0},"Größte Rittermacht":false,"Größte Handelsstraße":false}}}
17-07-2016 16:30:39.161 [Thread-109] Server:230 sendToClient - Send to Client: 2 {"Statusupdate":{"Spieler":{"id":2,"Farbe":"Blau","Name":"123","Status":"Dorf bauen","Siegpunkte":0,"Rohstoffe":{},"Rittermacht":0,"Entwicklungskarten":{"Ritter":0,"Straßenbau":0,"Monopol":0,"Erfindung":0,"Siegpunkt":0},"Größte Rittermacht":false,"Größte Handelsstraße":false}}}
17-07-2016 16:30:39.161 [Thread-108] Client:86 runClient - Received from Server: {"Statusupdate":{"Spieler":{"id":2,"Farbe":"Blau","Name":"123","Status":"Dorf bauen","Siegpunkte":0,"Rohstoffe":{"Unbekannt":0},"Rittermacht":0,"Entwicklungskarten":{"Unbekannt":0},"Größte Rittermacht":false,"Größte Handelsstraße":false}}}
17-07-2016 16:30:39.171 [Thread-219] Client:86 runClient - Received from Server: {"Statusupdate":{"Spieler":{"id":2,"Farbe":"Blau","Name":"123","Status":"Dorf bauen","Siegpunkte":0,"Rohstoffe":{},"Rittermacht":0,"Entwicklungskarten":{"Ritter":0,"Straßenbau":0,"Monopol":0,"Erfindung":0,"Siegpunkt":0},"Größte Rittermacht":false,"Größte Handelsstraße":false}}}
