18-06-2016 18:30:42.002 [Thread-5] Client:47 run - Connected to server
18-06-2016 18:30:42.037 [Thread-5] Client:71 runClient - Received from Server: {"Hallo":{"Version":"Catan-Testserver (TeureUnternehmensBeratung GmkH)","Protokoll":"1.0"}}
18-06-2016 18:30:42.127 [Thread-5] Client:84 write - Client sends to Server: {"Hallo":{"Version":"JavaFXClient 1.0 (NiedlichePixel)"}}
18-06-2016 18:30:42.167 [Thread-5] Client:71 runClient - Received from Server: {"Willkommen":{"id":2}}
18-06-2016 18:30:42.170 [Thread-5] ClientController:125 receiveWelcome - Handshake complete!
18-06-2016 18:30:42.176 [Thread-5] Client:71 runClient - Received from Server: {"Statusupdate":{"Spieler":{"id":2,"Name":null,"Status":"Spiel starten","Siegpunkte":0,"Rohstoffe":{},"Entwicklungskarten":{}}}}
18-06-2016 18:30:44.778 [JavaFX Application Thread] Client:84 write - Client sends to Server: {"Spieler":{"Name":"www","Farbe":"Weiß"}}
18-06-2016 18:30:44.778 [JavaFX Application Thread] PlayerProfileController:64 handleSendButton - ProfilewwwWHITE
18-06-2016 18:30:44.817 [Thread-5] Client:71 runClient - Received from Server: {"Statusupdate":{"Spieler":{"id":2,"Farbe":"Weiß","Name":"www","Status":"Spiel starten","Siegpunkte":0,"Rohstoffe":{},"Entwicklungskarten":{}}}}
18-06-2016 18:30:44.820 [Thread-5] Client:71 runClient - Received from Server: {"Serverantwort":"OK"}
18-06-2016 18:30:45.056 [JavaFX Application Thread] Client:84 write - Client sends to Server: {"Spiel starten":{}}
18-06-2016 18:30:45.095 [Thread-5] Client:71 runClient - Received from Server: {"Statusupdate":{"Spieler":{"id":2,"Farbe":"Weiß","Name":"www","Status":"Wartet auf Spielbeginn","Siegpunkte":0,"Rohstoffe":{},"Entwicklungskarten":{}}}}
18-06-2016 18:30:45.097 [Thread-5] Client:71 runClient - Received from Server: {"Serverantwort":"OK"}
18-06-2016 18:30:49.955 [Thread-5] Client:71 runClient - Received from Server: {"Statusupdate":{"Spieler":{"id":3,"Name":null,"Status":"Spiel starten","Siegpunkte":0,"Rohstoffe":{"Unbekannt":0},"Entwicklungskarten":{"Unbekannt":0}}}}
18-06-2016 18:30:55.848 [Thread-5] Client:71 runClient - Received from Server: {"Statusupdate":{"Spieler":{"id":3,"Farbe":"Blau","Name":"blue","Status":"Spiel starten","Siegpunkte":0,"Rohstoffe":{"Unbekannt":0},"Entwicklungskarten":{"Unbekannt":0}}}}
18-06-2016 18:30:56.520 [Thread-5] Client:71 runClient - Received from Server: {"Statusupdate":{"Spieler":{"id":3,"Farbe":"Blau","Name":"blue","Status":"Wartet auf Spielbeginn","Siegpunkte":0,"Rohstoffe":{"Unbekannt":0},"Entwicklungskarten":{"Unbekannt":0}}}}
18-06-2016 18:31:06.036 [Thread-5] Client:71 runClient - Received from Server: {"Statusupdate":{"Spieler":{"id":4,"Name":null,"Status":"Spiel starten","Siegpunkte":0,"Rohstoffe":{"Unbekannt":0},"Entwicklungskarten":{"Unbekannt":0}}}}
18-06-2016 18:31:11.539 [Thread-5] Client:71 runClient - Received from Server: {"Statusupdate":{"Spieler":{"id":4,"Farbe":"Orange","Name":"tfrf","Status":"Spiel starten","Siegpunkte":0,"Rohstoffe":{"Unbekannt":0},"Entwicklungskarten":{"Unbekannt":0}}}}
18-06-2016 18:31:12.121 [Thread-5] Client:71 runClient - Received from Server: {"Statusupdate":{"Spieler":{"id":4,"Farbe":"Orange","Name":"tfrf","Status":"Wartet auf Spielbeginn","Siegpunkte":0,"Rohstoffe":{"Unbekannt":0},"Entwicklungskarten":{"Unbekannt":0}}}}
18-06-2016 18:31:12.129 [Thread-5] Client:71 runClient - Received from Server: {"Spiel gestartet":{"Karte":{"Felder":[{"Ort":{"x":-3,"y":3},"Typ":"Meer"},{"Ort":{"x":-2,"y":3},"Typ":"Meer"},{"Ort":{"x":-1,"y":3},"Typ":"Meer"},{"Ort":{"x":0,"y":3},"Typ":"Meer"},{"Ort":{"x":-3,"y":2},"Typ":"Meer"},{"Ort":{"x":-2,"y":2},"Typ":"Weideland","Zahl":5},{"Ort":{"x":-1,"y":2},"Typ":"Hügelland","Zahl":8},{"Ort":{"x":0,"y":2},"Typ":"Wald","Zahl":4},{"Ort":{"x":1,"y":2},"Typ":"Meer"},{"Ort":{"x":-3,"y":1},"Typ":"Meer"},{"Ort":{"x":-2,"y":1},"Typ":"Ackerland","Zahl":2},{"Ort":{"x":-1,"y":1},"Typ":"Gebirge","Zahl":10},{"Ort":{"x":0,"y":1},"Typ":"Wald","Zahl":3},{"Ort":{"x":1,"y":1},"Typ":"Wald","Zahl":11},{"Ort":{"x":2,"y":1},"Typ":"Meer"},{"Ort":{"x":-3,"y":0},"Typ":"Meer"},{"Ort":{"x":-2,"y":0},"Typ":"Wald","Zahl":6},{"Ort":{"x":-1,"y":0},"Typ":"Ackerland","Zahl":9},{"Ort":{"x":0,"y":0},"Typ":"Hügelland","Zahl":11},{"Ort":{"x":1,"y":0},"Typ":"Weideland","Zahl":6},{"Ort":{"x":2,"y":0},"Typ":"Weideland","Zahl":12},{"Ort":{"x":3,"y":0},"Typ":"Meer"},{"Ort":{"x":-2,"y":-1},"Typ":"Meer"},{"Ort":{"x":-1,"y":-1},"Typ":"Weideland","Zahl":3},{"Ort":{"x":0,"y":-1},"Typ":"Gebirge","Zahl":4},{"Ort":{"x":1,"y":-1},"Typ":"Ackerland","Zahl":5},{"Ort":{"x":2,"y":-1},"Typ":"Ackerland","Zahl":9},{"Ort":{"x":3,"y":-1},"Typ":"Meer"},{"Ort":{"x":-1,"y":-2},"Typ":"Meer"},{"Ort":{"x":0,"y":-2},"Typ":"Hügelland","Zahl":8},{"Ort":{"x":1,"y":-2},"Typ":"Wüste"},{"Ort":{"x":2,"y":-2},"Typ":"Gebirge","Zahl":10},{"Ort":{"x":3,"y":-2},"Typ":"Meer"},{"Ort":{"x":0,"y":-3},"Typ":"Meer"},{"Ort":{"x":1,"y":-3},"Typ":"Meer"},{"Ort":{"x":2,"y":-3},"Typ":"Meer"},{"Ort":{"x":3,"y":-3},"Typ":"Meer"}],"Gebäude":[],"Räuber":{"x":1,"y":-2},"Häfen":[{"Typ":"Lehm Hafen","Ort":[{"x":-3,"y":3},{"x":-2,"y":2}]},{"Typ":"Hafen","Ort":[{"x":-1,"y":3},{"x":-1,"y":2}]},{"Typ":"Hafen","Ort":[{"x":1,"y":2},{"x":1,"y":1}]},{"Typ":"Getreide Hafen","Ort":[{"x":-3,"y":1},{"x":-2,"y":1}]},{"Typ":"Hafen","Ort":[{"x":3,"y":0},{"x":2,"y":0}]},{"Typ":"Wolle Hafen","Ort":[{"x":-2,"y":-1},{"x":-2,"y":0}]},{"Typ":"Hafen","Ort":[{"x":3,"y":-2},{"x":2,"y":-2}]},{"Typ":"Holz Hafen","Ort":[{"x":0,"y":-3},{"x":0,"y":-2}]},{"Typ":"Erz Hafen","Ort":[{"x":2,"y":-3},{"x":2,"y":-2}]}]}}}
18-06-2016 18:31:12.139 [Thread-5] Client:71 runClient - Received from Server: {"Würfelwurf":{"Spieler":2,"Wurf":[5,1]}}
18-06-2016 18:31:12.139 [JavaFX Application Thread] ClientController:285 run - STARTING GAME VIEW IN Platform.runLater
18-06-2016 18:31:12.144 [Thread-5] Client:71 runClient - Received from Server: {"Würfelwurf":{"Spieler":3,"Wurf":[1,1]}}
18-06-2016 18:31:12.150 [Thread-5] Client:71 runClient - Received from Server: {"Würfelwurf":{"Spieler":4,"Wurf":[4,1]}}
18-06-2016 18:31:12.153 [Thread-5] Client:71 runClient - Received from Server: {"Statusupdate":{"Spieler":{"id":2,"Farbe":"Weiß","Name":"www","Status":"Dorf bauen","Siegpunkte":0,"Rohstoffe":{},"Entwicklungskarten":{}}}}
18-06-2016 18:31:12.155 [Thread-5] Client:71 runClient - Received from Server: {"Statusupdate":{"Spieler":{"id":3,"Farbe":"Blau","Name":"blue","Status":"Warten","Siegpunkte":0,"Rohstoffe":{"Unbekannt":0},"Entwicklungskarten":{"Unbekannt":0}}}}
18-06-2016 18:31:12.157 [Thread-5] Client:71 runClient - Received from Server: {"Statusupdate":{"Spieler":{"id":4,"Farbe":"Orange","Name":"tfrf","Status":"Warten","Siegpunkte":0,"Rohstoffe":{"Unbekannt":0},"Entwicklungskarten":{"Unbekannt":0}}}}
18-06-2016 18:31:14.497 [JavaFX Application Thread] ClientController:584 requestBuildVillage - Building Initial Village
18-06-2016 18:31:14.499 [JavaFX Application Thread] Client:84 write - Client sends to Server: {"Bauen":{"Typ":"Dorf","Ort":[{"x":-1,"y":1},{"x":-1,"y":0},{"x":0,"y":0}]}}
18-06-2016 18:31:14.539 [Thread-5] Client:71 runClient - Received from Server: {"Bauvorgang":{"Gebäude":{"Eigentümer":2,"Typ":"Dorf","Ort":[{"x":-1,"y":1},{"x":-1,"y":0},{"x":0,"y":0}]}}}
18-06-2016 18:31:14.541 [Thread-5] Client:71 runClient - Received from Server: {"Statusupdate":{"Spieler":{"id":2,"Farbe":"Weiß","Name":"www","Status":"Straße bauen","Siegpunkte":1,"Rohstoffe":{},"Entwicklungskarten":{}}}}
18-06-2016 18:31:14.542 [Thread-5] Client:71 runClient - Received from Server: {"Serverantwort":"OK"}
18-06-2016 18:31:15.093 [JavaFX Application Thread] ClientController:615 requestBuildStreet - Building Initial Village
18-06-2016 18:31:15.095 [JavaFX Application Thread] Client:84 write - Client sends to Server: {"Bauen":{"Typ":"Straße","Ort":[{"x":-1,"y":1},{"x":-1,"y":0}]}}
18-06-2016 18:31:15.134 [Thread-5] Client:71 runClient - Received from Server: {"Bauvorgang":{"Gebäude":{"Eigentümer":2,"Typ":"Straße","Ort":[{"x":-1,"y":1},{"x":-1,"y":0}]}}}
18-06-2016 18:31:15.135 [Thread-5] Client:71 runClient - Received from Server: {"Statusupdate":{"Spieler":{"id":2,"Farbe":"Weiß","Name":"www","Status":"Warten","Siegpunkte":1,"Rohstoffe":{},"Entwicklungskarten":{}}}}
18-06-2016 18:31:15.136 [Thread-5] Client:71 runClient - Received from Server: {"Statusupdate":{"Spieler":{"id":3,"Farbe":"Blau","Name":"blue","Status":"Dorf bauen","Siegpunkte":0,"Rohstoffe":{"Unbekannt":0},"Entwicklungskarten":{"Unbekannt":0}}}}
18-06-2016 18:31:15.137 [Thread-5] Client:71 runClient - Received from Server: {"Serverantwort":"OK"}
18-06-2016 18:31:22.999 [Thread-5] Client:71 runClient - Received from Server: {"Bauvorgang":{"Gebäude":{"Eigentümer":3,"Typ":"Dorf","Ort":[{"x":-2,"y":2},{"x":-2,"y":1},{"x":-1,"y":1}]}}}
18-06-2016 18:31:23.004 [Thread-5] Client:71 runClient - Received from Server: {"Statusupdate":{"Spieler":{"id":3,"Farbe":"Blau","Name":"blue","Status":"Straße bauen","Siegpunkte":1,"Rohstoffe":{"Unbekannt":0},"Entwicklungskarten":{"Unbekannt":0}}}}
18-06-2016 18:31:23.948 [Thread-5] Client:71 runClient - Received from Server: {"Bauvorgang":{"Gebäude":{"Eigentümer":3,"Typ":"Straße","Ort":[{"x":-2,"y":2},{"x":-1,"y":1}]}}}
18-06-2016 18:31:23.950 [Thread-5] Client:71 runClient - Received from Server: {"Statusupdate":{"Spieler":{"id":3,"Farbe":"Blau","Name":"blue","Status":"Warten","Siegpunkte":1,"Rohstoffe":{"Unbekannt":0},"Entwicklungskarten":{"Unbekannt":0}}}}
18-06-2016 18:31:23.953 [Thread-5] Client:71 runClient - Received from Server: {"Statusupdate":{"Spieler":{"id":4,"Farbe":"Orange","Name":"tfrf","Status":"Dorf bauen","Siegpunkte":0,"Rohstoffe":{"Unbekannt":0},"Entwicklungskarten":{"Unbekannt":0}}}}
18-06-2016 18:31:27.189 [Thread-5] Client:71 runClient - Received from Server: {"Bauvorgang":{"Gebäude":{"Eigentümer":4,"Typ":"Dorf","Ort":[{"x":-1,"y":2},{"x":0,"y":2},{"x":0,"y":1}]}}}
18-06-2016 18:31:27.193 [Thread-5] Client:71 runClient - Received from Server: {"Statusupdate":{"Spieler":{"id":4,"Farbe":"Orange","Name":"tfrf","Status":"Straße bauen","Siegpunkte":1,"Rohstoffe":{"Unbekannt":0},"Entwicklungskarten":{"Unbekannt":0}}}}
18-06-2016 18:31:28.019 [Thread-5] Client:71 runClient - Received from Server: {"Bauvorgang":{"Gebäude":{"Eigentümer":4,"Typ":"Straße","Ort":[{"x":0,"y":2},{"x":0,"y":1}]}}}
18-06-2016 18:31:28.021 [Thread-5] Client:71 runClient - Received from Server: {"Statusupdate":{"Spieler":{"id":4,"Farbe":"Orange","Name":"tfrf","Status":"Warten","Siegpunkte":1,"Rohstoffe":{"Unbekannt":0},"Entwicklungskarten":{"Unbekannt":0}}}}
18-06-2016 18:31:28.025 [Thread-5] Client:71 runClient - Received from Server: {"Statusupdate":{"Spieler":{"id":4,"Farbe":"Orange","Name":"tfrf","Status":"Dorf bauen","Siegpunkte":1,"Rohstoffe":{"Unbekannt":0},"Entwicklungskarten":{"Unbekannt":0}}}}
18-06-2016 18:31:29.314 [Thread-5] Client:71 runClient - Received from Server: {"Bauvorgang":{"Gebäude":{"Eigentümer":4,"Typ":"Dorf","Ort":[{"x":0,"y":1},{"x":1,"y":1},{"x":1,"y":0}]}}}
18-06-2016 18:31:29.318 [Thread-5] Client:71 runClient - Received from Server: {"Ertrag":{"Spieler":4,"Rohstoffe":{"Holz":2,"Wolle":1}}}
18-06-2016 18:31:29.321 [Thread-5] Client:71 runClient - Received from Server: {"Statusupdate":{"Spieler":{"id":4,"Farbe":"Orange","Name":"tfrf","Status":"Straße bauen","Siegpunkte":2,"Rohstoffe":{"Unbekannt":3},"Entwicklungskarten":{"Unbekannt":0}}}}
18-06-2016 18:31:30.313 [Thread-5] Client:71 runClient - Received from Server: {"Bauvorgang":{"Gebäude":{"Eigentümer":4,"Typ":"Straße","Ort":[{"x":0,"y":1},{"x":1,"y":0}]}}}
18-06-2016 18:31:30.315 [Thread-5] Client:71 runClient - Received from Server: {"Statusupdate":{"Spieler":{"id":4,"Farbe":"Orange","Name":"tfrf","Status":"Warten","Siegpunkte":2,"Rohstoffe":{"Unbekannt":3},"Entwicklungskarten":{"Unbekannt":0}}}}
18-06-2016 18:31:30.317 [Thread-5] Client:71 runClient - Received from Server: {"Statusupdate":{"Spieler":{"id":3,"Farbe":"Blau","Name":"blue","Status":"Dorf bauen","Siegpunkte":1,"Rohstoffe":{"Unbekannt":0},"Entwicklungskarten":{"Unbekannt":0}}}}
18-06-2016 18:31:33.117 [Thread-5] Client:71 runClient - Received from Server: {"Bauvorgang":{"Gebäude":{"Eigentümer":3,"Typ":"Dorf","Ort":[{"x":0,"y":0},{"x":0,"y":-1},{"x":1,"y":-1}]}}}
18-06-2016 18:31:33.121 [Thread-5] Client:71 runClient - Received from Server: {"Ertrag":{"Spieler":3,"Rohstoffe":{"Lehm":1,"Getreide":1,"Erz":1}}}
18-06-2016 18:31:33.125 [Thread-5] Client:71 runClient - Received from Server: {"Statusupdate":{"Spieler":{"id":3,"Farbe":"Blau","Name":"blue","Status":"Straße bauen","Siegpunkte":2,"Rohstoffe":{"Unbekannt":3},"Entwicklungskarten":{"Unbekannt":0}}}}
18-06-2016 18:31:33.822 [Thread-5] Client:71 runClient - Received from Server: {"Bauvorgang":{"Gebäude":{"Eigentümer":3,"Typ":"Straße","Ort":[{"x":0,"y":0},{"x":1,"y":-1}]}}}
18-06-2016 18:31:33.825 [Thread-5] Client:71 runClient - Received from Server: {"Statusupdate":{"Spieler":{"id":3,"Farbe":"Blau","Name":"blue","Status":"Warten","Siegpunkte":2,"Rohstoffe":{"Unbekannt":3},"Entwicklungskarten":{"Unbekannt":0}}}}
18-06-2016 18:31:33.828 [Thread-5] Client:71 runClient - Received from Server: {"Statusupdate":{"Spieler":{"id":2,"Farbe":"Weiß","Name":"www","Status":"Dorf bauen","Siegpunkte":1,"Rohstoffe":{},"Entwicklungskarten":{}}}}
18-06-2016 18:31:34.258 [JavaFX Application Thread] ClientController:584 requestBuildVillage - Building Initial Village
18-06-2016 18:31:34.259 [JavaFX Application Thread] Client:84 write - Client sends to Server: {"Bauen":{"Typ":"Dorf","Ort":[{"x":-1,"y":0},{"x":-1,"y":-1},{"x":0,"y":-1}]}}
18-06-2016 18:31:34.297 [Thread-5] Client:71 runClient - Received from Server: {"Bauvorgang":{"Gebäude":{"Eigentümer":2,"Typ":"Dorf","Ort":[{"x":-1,"y":0},{"x":-1,"y":-1},{"x":0,"y":-1}]}}}
18-06-2016 18:31:34.298 [Thread-5] Client:71 runClient - Received from Server: {"Ertrag":{"Spieler":2,"Rohstoffe":{"Wolle":1,"Getreide":1,"Erz":1}}}
18-06-2016 18:31:34.300 [Thread-5] Client:71 runClient - Received from Server: {"Statusupdate":{"Spieler":{"id":2,"Farbe":"Weiß","Name":"www","Status":"Straße bauen","Siegpunkte":2,"Rohstoffe":{"Wolle":1,"Getreide":1,"Erz":1},"Entwicklungskarten":{}}}}
18-06-2016 18:31:34.301 [Thread-5] Client:71 runClient - Received from Server: {"Serverantwort":"OK"}
18-06-2016 18:31:35.523 [JavaFX Application Thread] ClientController:615 requestBuildStreet - Building Initial Village
18-06-2016 18:31:35.524 [JavaFX Application Thread] Client:84 write - Client sends to Server: {"Bauen":{"Typ":"Straße","Ort":[{"x":-1,"y":0},{"x":-1,"y":-1}]}}
18-06-2016 18:31:35.563 [Thread-5] Client:71 runClient - Received from Server: {"Bauvorgang":{"Gebäude":{"Eigentümer":2,"Typ":"Straße","Ort":[{"x":-1,"y":0},{"x":-1,"y":-1}]}}}
18-06-2016 18:31:35.564 [Thread-5] Client:71 runClient - Received from Server: {"Statusupdate":{"Spieler":{"id":2,"Farbe":"Weiß","Name":"www","Status":"Warten","Siegpunkte":2,"Rohstoffe":{"Wolle":1,"Getreide":1,"Erz":1},"Entwicklungskarten":{}}}}
18-06-2016 18:31:35.565 [Thread-5] Client:71 runClient - Received from Server: {"Statusupdate":{"Spieler":{"id":2,"Farbe":"Weiß","Name":"www","Status":"Würfeln","Siegpunkte":2,"Rohstoffe":{"Wolle":1,"Getreide":1,"Erz":1},"Entwicklungskarten":{}}}}
18-06-2016 18:31:35.565 [Thread-5] Client:71 runClient - Received from Server: {"Serverantwort":"OK"}
18-06-2016 18:31:36.436 [JavaFX Application Thread] Client:84 write - Client sends to Server: {"Würfeln":{}}
18-06-2016 18:31:36.474 [Thread-5] Client:71 runClient - Received from Server: {"Würfelwurf":{"Spieler":2,"Wurf":[1,4]}}
18-06-2016 18:31:36.475 [Thread-5] Client:71 runClient - Received from Server: {"Ertrag":{"Spieler":3,"Rohstoffe":{"Wolle":1}}}
18-06-2016 18:31:36.476 [Thread-5] Client:71 runClient - Received from Server: {"Ertrag":{"Spieler":3,"Rohstoffe":{"Getreide":1}}}
18-06-2016 18:31:36.477 [Thread-5] Client:71 runClient - Received from Server: {"Statusupdate":{"Spieler":{"id":2,"Farbe":"Weiß","Name":"www","Status":"Handeln oder Bauen","Siegpunkte":2,"Rohstoffe":{"Wolle":1,"Getreide":1,"Erz":1},"Entwicklungskarten":{}}}}
18-06-2016 18:31:36.478 [Thread-5] Client:71 runClient - Received from Server: {"Serverantwort":"OK"}
18-06-2016 18:31:51.589 [JavaFX Application Thread] Client:84 write - Client sends to Server: {"Handel anbieten":{"Angebot":{"Wolle":1},"Nachfrage":{"Holz":1}}}
18-06-2016 18:31:51.628 [Thread-5] Client:71 runClient - Received from Server: {"Handelsangebot":{"Spieler":2,"Handel id":7,"Angebot":{"Wolle":1},"Nachfrage":{"Holz":1}}}
18-06-2016 18:31:51.629 [Thread-5] Client:71 runClient - Received from Server: {"Serverantwort":"OK"}
18-06-2016 18:32:08.415 [Thread-5] Client:71 runClient - Received from Server: {"Handelsangebot angenommen":{"Mitspieler":4,"Handel id":7,"Annehmen":true}}
